<?xml version="1.0" encoding="UTF-8"?>
<!-- Generated by org.testng.reporters.JUnitXMLReporter -->
<testsuite ignored="0" hostname="Micky" failures="0" tests="4" name="AddECP" time="21.63" errors="0" timestamp="2024-05-21T17:13:33 IST">
  <testcase classname="Test.Add_ECP" name="provider_login" time="1.36"/>
  <testcase classname="Test.Add_ECP" name="dashboard" time="8.225"/>
  <testcase classname="Test.Add_ECP" name="ECP_Tab" time="0.198"/>
  <testcase classname="Test.Add_ECP" name="Add_ECP_details" time="6.984"/>
</testsuite> <!-- AddECP -->
