<?xml version="1.0" encoding="UTF-8"?>
<!-- Generated by org.testng.reporters.JUnitXMLReporter -->
<testsuite ignored="0" hostname="Micky" failures="0" tests="4" name="AddNurse" time="19.278" errors="0" timestamp="2024-05-21T17:14:44 IST">
  <testcase classname="Test.TC_AddNurse" name="provider_login" time="1.112"/>
  <testcase classname="Test.TC_AddNurse" name="dashboard" time="6.073"/>
  <testcase classname="Test.TC_AddNurse" name="AddNurseTab" time="0.086"/>
  <testcase classname="Test.TC_AddNurse" name="AddNurseFlow" time="7.441"/>
</testsuite> <!-- AddNurse -->
