<?xml version="1.0" encoding="UTF-8"?>
<!-- Generated by org.testng.reporters.JUnitXMLReporter -->
<testsuite ignored="0" hostname="Micky" failures="0" tests="4" name="Default test" time="16.464" errors="0" timestamp="2024-10-14T10:24:22 IST">
  <testcase classname="Test.TC_AddNurse" name="provider_login" time="0.265"/>
  <testcase classname="Test.TC_AddNurse" name="dashboard" time="7.053"/>
  <testcase classname="Test.TC_AddNurse" name="AddNurseTab" time="0.078"/>
  <testcase classname="Test.TC_AddNurse" name="AddNurseFlow" time="7.021"/>
</testsuite> <!-- Default test -->
