<?xml version="1.0" encoding="UTF-8"?>
<!-- Generated by org.testng.reporters.JUnitXMLReporter -->
<testsuite ignored="0" hostname="Micky" failures="0" tests="5" name="Add Call notes" time="58.567" errors="0" timestamp="2024-05-21T17:06:17 IST">
  <testcase classname="Test.TC_AddCallNotesToPatient" name="provider_login" time="1.413"/>
  <testcase classname="Test.TC_AddCallNotesToPatient" name="dashboard" time="6.176"/>
  <testcase classname="Test.TC_AddCallNotesToPatient" name="patientTab" time="35.459"/>
  <testcase classname="Test.TC_AddCallNotesToPatient" name="clickOnNotesTab" time="3.211"/>
  <testcase classname="Test.TC_AddCallNotesToPatient" name="addCallNotes" time="7.256"/>
</testsuite> <!-- Add Call notes -->
