<?xml version="1.0" encoding="UTF-8"?>
<!-- Generated by org.testng.reporters.JUnitXMLReporter -->
<testsuite ignored="0" hostname="Micky" failures="0" tests="3" name="Check Billing Eligibility" time="53.365" errors="0" timestamp="2024-05-21T17:08:58 IST">
  <testcase classname="Test.TC_BillingInformation" name="provider_login" time="1.424"/>
  <testcase classname="Test.TC_BillingInformation" name="dashboard" time="8.265"/>
  <testcase classname="Test.TC_BillingInformation" name="BillingInfo" time="38.585"/>
</testsuite> <!-- Check Billing Eligibility -->
