<?xml version="1.0" encoding="UTF-8"?>
<!-- Generated by org.testng.reporters.JUnitXMLReporter -->
<testsuite ignored="0" hostname="Micky" failures="0" tests="3" name="Download Eligible patients" time="24.798" errors="0" timestamp="2024-05-21T17:09:22 IST">
  <testcase classname="Test.TC_BillingPatientDownload" name="provider_login" time="1.469"/>
  <testcase classname="Test.TC_BillingPatientDownload" name="dashboard" time="8.36"/>
  <testcase classname="Test.TC_BillingPatientDownload" name="Billing" time="9.524"/>
</testsuite> <!-- Download Eligible patients -->
