<?xml version="1.0" encoding="UTF-8"?>
<!-- Generated by org.testng.reporters.JUnitXMLReporter -->
<testsuite ignored="0" hostname="Micky" failures="0" tests="4" name="Notify List" time="34.711" errors="0" timestamp="2024-05-21T17:05:18 IST">
  <testcase classname="Test.Medical_profile_Notifylist" name="provider_login" time="1.282"/>
  <testcase classname="Test.Medical_profile_Notifylist" name="dashboard" time="8.186"/>
  <testcase classname="Test.Medical_profile_Notifylist" name="Add_members_Notify_list" time="11.95"/>
  <testcase classname="Test.Medical_profile_Notifylist" name="remove_notify_list" time="8.172"/>
</testsuite> <!-- Notify List -->
