<?xml version="1.0" encoding="UTF-8"?>
<!-- Generated by org.testng.reporters.JUnitXMLReporter -->
<testsuite ignored="0" hostname="Micky" failures="0" tests="5" name="Set Alert Limit" time="59.112" errors="0" timestamp="2024-05-21T17:10:21 IST">
  <testcase classname="Test.TC_MedicalProfile_Alert_Limit" name="provider_login" time="1.347"/>
  <testcase classname="Test.TC_MedicalProfile_Alert_Limit" name="dashboard" time="6.44"/>
  <testcase classname="Test.TC_MedicalProfile_Alert_Limit" name="patientTab" time="35.534"/>
  <testcase classname="Test.TC_MedicalProfile_Alert_Limit" name="clickOnPatientProfileTab" time="3.385"/>
  <testcase classname="Test.TC_MedicalProfile_Alert_Limit" name="personalizedMedicalProfile" time="7.952"/>
</testsuite> <!-- Set Alert Limit -->
