<?xml version="1.0" encoding="UTF-8"?>
<!-- Generated by org.testng.reporters.JUnitXMLReporter -->
<testsuite ignored="0" hostname="Micky" failures="0" tests="11" name="View 1st patient details" time="107.544" errors="0" timestamp="2024-05-21T17:13:11 IST">
  <testcase classname="Test.View_patient_profile" name="provider_login" time="1.25"/>
  <testcase classname="Test.View_patient_profile" name="dashboard" time="13.032"/>
  <testcase classname="Test.View_patient_profile" name="View_patient_details" time="10.205"/>
  <testcase classname="Test.View_patient_profile" name="medical_profile" time="10.345"/>
  <testcase classname="Test.View_patient_profile" name="resutls" time="10.348"/>
  <testcase classname="Test.View_patient_profile" name="notes" time="10.309"/>
  <testcase classname="Test.View_patient_profile" name="devices" time="10.282"/>
  <testcase classname="Test.View_patient_profile" name="patient_profile" time="10.562"/>
  <testcase classname="Test.View_patient_profile" name="patient_care_team" time="10.346"/>
  <testcase classname="Test.View_patient_profile" name="activity_timeline" time="10.314"/>
  <testcase classname="Test.View_patient_profile" name="requests" time="5.355"/>
</testsuite> <!-- View 1st patient details -->
