<?xml version="1.0" encoding="UTF-8"?>
<!-- Generated by org.testng.reporters.JUnitXMLReporter -->
<testsuite ignored="0" hostname="Micky" failures="0" tests="5" name="View Added Notes" time="62.456" errors="0" timestamp="2024-05-21T17:11:24 IST">
  <testcase classname="Test.TC_ViewNotesAdded" name="provider_login" time="1.417"/>
  <testcase classname="Test.TC_ViewNotesAdded" name="dashboard" time="6.656"/>
  <testcase classname="Test.TC_ViewNotesAdded" name="patientTab" time="35.472"/>
  <testcase classname="Test.TC_ViewNotesAdded" name="clickOnNotesTab" time="3.175"/>
  <testcase classname="Test.TC_ViewNotesAdded" name="viewNotes" time="9.647"/>
</testsuite> <!-- View Added Notes -->
