<?xml version="1.0" encoding="UTF-8"?>
<!-- Generated by org.testng.reporters.JUnitXMLReporter -->
<testsuite ignored="1" hostname="Micky" failures="0" tests="6" name="Assigning PCP and ECP" time="45.405" errors="0" timestamp="2024-05-07T23:23:31 IST">
  <testcase classname="Test.Reassigning_PCP_ECP" name="provider_login" time="1.211"/>
  <testcase classname="Test.Reassigning_PCP_ECP" name="dashboard" time="4.711"/>
  <testcase classname="Test.Reassigning_PCP_ECP" name="View_patient_details" time="2.862"/>
  <testcase classname="Test.Reassigning_PCP_ECP" name="patient_care_team" time="2.08"/>
  <testcase classname="Test.Reassigning_PCP_ECP" name="Assign_new_ECP_by_Add_new" time="13.147"/>
  <testcase classname="Test.Reassigning_PCP_ECP" name="Reassign_PCP_existing" time="16.651"/>
  <testcase classname="Test.Reassigning_PCP_ECP" name="Reassign_PCP_Add_new" time="0.0">
    <ignored/>
  </testcase> <!-- Reassign_PCP_Add_new -->
</testsuite> <!-- Assigning PCP and ECP -->
