<?xml version="1.0" encoding="UTF-8"?>
<!-- Generated by org.testng.reporters.JUnitXMLReporter -->
<testsuite ignored="0" hostname="Micky" failures="0" tests="6" name="Unenroll Reenroll patient" time="77.809" errors="0" timestamp="2024-05-21T17:19:29 IST">
  <testcase classname="Test.TC_Unenroll_ReEnroll" name="provider_login" time="1.351"/>
  <testcase classname="Test.TC_Unenroll_ReEnroll" name="dashboard" time="8.172"/>
  <testcase classname="Test.TC_Unenroll_ReEnroll" name="patientTab" time="35.308"/>
  <testcase classname="Test.TC_Unenroll_ReEnroll" name="clickOnPatientProfileTab" time="5.262"/>
  <testcase classname="Test.TC_Unenroll_ReEnroll" name="unEnrollPatient" time="16.489"/>
  <testcase classname="Test.TC_Unenroll_ReEnroll" name="reEnrollPatient" time="6.513"/>
</testsuite> <!-- Unenroll Reenroll patient -->
