<?xml version="1.0" encoding="UTF-8"?>
<!-- Generated by org.testng.reporters.JUnitXMLReporter -->
<testsuite ignored="0" hostname="Micky" failures="2" tests="7" name="Assigning PCP and ECP" time="35.927" errors="0" timestamp="2024-05-21T17:22:53 IST">
  <testcase classname="Test.Reassigning_PCP_ECP" name="provider_login" time="1.234"/>
  <testcase classname="Test.Reassigning_PCP_ECP" name="dashboard" time="4.922"/>
  <testcase classname="Test.Reassigning_PCP_ECP" name="View_patient_details" time="3.331"/>
  <testcase classname="Test.Reassigning_PCP_ECP" name="patient_care_team" time="2.153"/>
  <testcase classname="Test.Reassigning_PCP_ECP" name="Assign_new_ECP_by_Add_new" time="17.319"/>
  <testcase classname="Test.Reassigning_PCP_ECP" name="Reassign_PCP_existing" time="1.088">
    <failure type="org.openqa.selenium.ElementClickInterceptedException" message="element click intercepted: Element &amp;lt;button data-testid=&amp;quot;reassign-pcp-button-id&amp;quot; type=&amp;quot;button&amp;quot; class=&amp;quot;ant-btn css-1rlfpgp ant-btn-primary hidden xl:block&amp;quot;&amp;gt;...&amp;lt;/button&amp;gt; is not clickable at point (1801, 975). Other element would receive the click: &amp;lt;div tabindex=&amp;quot;-1&amp;quot; class=&amp;quot;ant-modal-wrap&amp;quot;&amp;gt;...&amp;lt;/div&amp;gt;
  (Session info: chrome=124.0.6367.208)
Build info: version: &amp;apos;4.20.0&amp;apos;, revision: &amp;apos;866c76ca80&amp;apos;
System info: os.name: &amp;apos;Windows 11&amp;apos;, os.arch: &amp;apos;amd64&amp;apos;, os.version: &amp;apos;10.0&amp;apos;, java.version: &amp;apos;21.0.1&amp;apos;
Driver info: org.openqa.selenium.chrome.ChromeDriver
Command: [a94e7554680dc8df5896b55f6d6abc67, clickElement {id=f.84C4AB25D1F61A5641515C063B18901A.d.436D24E99D3F25BF18467FAA2EB4B57D.e.172}]
Capabilities {acceptInsecureCerts: false, browserName: chrome, browserVersion: 124.0.6367.208, chrome: {chromedriverVersion: 124.0.6367.207 (a9001a6e39f..., userDataDir: C:\Users\prasa\AppData\Loca...}, fedcm:accounts: true, goog:chromeOptions: {debuggerAddress: localhost:53694}, networkConnectionEnabled: false, pageLoadStrategy: normal, platformName: windows, proxy: Proxy(), se:cdp: ws://localhost:53694/devtoo..., se:cdpVersion: 124.0.6367.208, setWindowRect: true, strictFileInteractability: false, timeouts: {implicit: 0, pageLoad: 300000, script: 30000}, unhandledPromptBehavior: dismiss and notify, webauthn:extension:credBlob: true, webauthn:extension:largeBlob: true, webauthn:extension:minPinLength: true, webauthn:extension:prf: true, webauthn:virtualAuthenticators: true}
Element: [[ChromeDriver: chrome on windows (a94e7554680dc8df5896b55f6d6abc67)] -&amp;gt; xpath: //button[@data-testid=&amp;apos;reassign-pcp-button-id&amp;apos;]]
Session ID: a94e7554680dc8df5896b55f6d6abc67">
      <![CDATA[org.openqa.selenium.ElementClickInterceptedException: element click intercepted: Element <button data-testid="reassign-pcp-button-id" type="button" class="ant-btn css-1rlfpgp ant-btn-primary hidden xl:block">...</button> is not clickable at point (1801, 975). Other element would receive the click: <div tabindex="-1" class="ant-modal-wrap">...</div>
  (Session info: chrome=124.0.6367.208)
Build info: version: '4.20.0', revision: '866c76ca80'
System info: os.name: 'Windows 11', os.arch: 'amd64', os.version: '10.0', java.version: '21.0.1'
Driver info: org.openqa.selenium.chrome.ChromeDriver
Command: [a94e7554680dc8df5896b55f6d6abc67, clickElement {id=f.84C4AB25D1F61A5641515C063B18901A.d.436D24E99D3F25BF18467FAA2EB4B57D.e.172}]
Capabilities {acceptInsecureCerts: false, browserName: chrome, browserVersion: 124.0.6367.208, chrome: {chromedriverVersion: 124.0.6367.207 (a9001a6e39f..., userDataDir: C:\Users\prasa\AppData\Loca...}, fedcm:accounts: true, goog:chromeOptions: {debuggerAddress: localhost:53694}, networkConnectionEnabled: false, pageLoadStrategy: normal, platformName: windows, proxy: Proxy(), se:cdp: ws://localhost:53694/devtoo..., se:cdpVersion: 124.0.6367.208, setWindowRect: true, strictFileInteractability: false, timeouts: {implicit: 0, pageLoad: 300000, script: 30000}, unhandledPromptBehavior: dismiss and notify, webauthn:extension:credBlob: true, webauthn:extension:largeBlob: true, webauthn:extension:minPinLength: true, webauthn:extension:prf: true, webauthn:virtualAuthenticators: true}
Element: [[ChromeDriver: chrome on windows (a94e7554680dc8df5896b55f6d6abc67)] -> xpath: //button[@data-testid='reassign-pcp-button-id']]
Session ID: a94e7554680dc8df5896b55f6d6abc67
at org.openqa.selenium.remote.ErrorCodec.decode(ErrorCodec.java:167)
at org.openqa.selenium.remote.codec.w3c.W3CHttpResponseCodec.decode(W3CHttpResponseCodec.java:138)
at org.openqa.selenium.remote.codec.w3c.W3CHttpResponseCodec.decode(W3CHttpResponseCodec.java:50)
at org.openqa.selenium.remote.HttpCommandExecutor.execute(HttpCommandExecutor.java:190)
at org.openqa.selenium.remote.service.DriverCommandExecutor.invokeExecute(DriverCommandExecutor.java:216)
at org.openqa.selenium.remote.service.DriverCommandExecutor.execute(DriverCommandExecutor.java:174)
at org.openqa.selenium.remote.RemoteWebDriver.execute(RemoteWebDriver.java:518)
at org.openqa.selenium.remote.RemoteWebElement.execute(RemoteWebElement.java:223)
at org.openqa.selenium.remote.RemoteWebElement.click(RemoteWebElement.java:76)
at org.openqa.selenium.support.pagefactory.internal.LocatingElementHandler.invoke(LocatingElementHandler.java:51)
at jdk.proxy2/jdk.proxy2.$Proxy13.click(Unknown Source)
at POM.Add_ECP_PCP.reassign_pcp_click(Add_ECP_PCP.java:64)
at Test.Reassigning_PCP_ECP.Reassign_PCP_existing(Reassigning_PCP_ECP.java:91)
at java.base/java.util.ArrayList.forEach(ArrayList.java:1596)
... Removed 31 stack frames]]>
    </failure>
  </testcase> <!-- Reassign_PCP_existing -->
  <testcase classname="Test.Reassigning_PCP_ECP" name="Reassign_PCP_Add_new" time="1.109">
    <failure type="org.openqa.selenium.ElementClickInterceptedException" message="element click intercepted: Element &amp;lt;button data-testid=&amp;quot;reassign-pcp-button-id&amp;quot; type=&amp;quot;button&amp;quot; class=&amp;quot;ant-btn css-1rlfpgp ant-btn-primary hidden xl:block&amp;quot;&amp;gt;...&amp;lt;/button&amp;gt; is not clickable at point (1801, 975). Other element would receive the click: &amp;lt;div tabindex=&amp;quot;-1&amp;quot; class=&amp;quot;ant-modal-wrap&amp;quot;&amp;gt;...&amp;lt;/div&amp;gt;
  (Session info: chrome=124.0.6367.208)
Build info: version: &amp;apos;4.20.0&amp;apos;, revision: &amp;apos;866c76ca80&amp;apos;
System info: os.name: &amp;apos;Windows 11&amp;apos;, os.arch: &amp;apos;amd64&amp;apos;, os.version: &amp;apos;10.0&amp;apos;, java.version: &amp;apos;21.0.1&amp;apos;
Driver info: org.openqa.selenium.chrome.ChromeDriver
Command: [a94e7554680dc8df5896b55f6d6abc67, clickElement {id=f.84C4AB25D1F61A5641515C063B18901A.d.436D24E99D3F25BF18467FAA2EB4B57D.e.172}]
Capabilities {acceptInsecureCerts: false, browserName: chrome, browserVersion: 124.0.6367.208, chrome: {chromedriverVersion: 124.0.6367.207 (a9001a6e39f..., userDataDir: C:\Users\prasa\AppData\Loca...}, fedcm:accounts: true, goog:chromeOptions: {debuggerAddress: localhost:53694}, networkConnectionEnabled: false, pageLoadStrategy: normal, platformName: windows, proxy: Proxy(), se:cdp: ws://localhost:53694/devtoo..., se:cdpVersion: 124.0.6367.208, setWindowRect: true, strictFileInteractability: false, timeouts: {implicit: 0, pageLoad: 300000, script: 30000}, unhandledPromptBehavior: dismiss and notify, webauthn:extension:credBlob: true, webauthn:extension:largeBlob: true, webauthn:extension:minPinLength: true, webauthn:extension:prf: true, webauthn:virtualAuthenticators: true}
Element: [[ChromeDriver: chrome on windows (a94e7554680dc8df5896b55f6d6abc67)] -&amp;gt; xpath: //button[@data-testid=&amp;apos;reassign-pcp-button-id&amp;apos;]]
Session ID: a94e7554680dc8df5896b55f6d6abc67">
      <![CDATA[org.openqa.selenium.ElementClickInterceptedException: element click intercepted: Element <button data-testid="reassign-pcp-button-id" type="button" class="ant-btn css-1rlfpgp ant-btn-primary hidden xl:block">...</button> is not clickable at point (1801, 975). Other element would receive the click: <div tabindex="-1" class="ant-modal-wrap">...</div>
  (Session info: chrome=124.0.6367.208)
Build info: version: '4.20.0', revision: '866c76ca80'
System info: os.name: 'Windows 11', os.arch: 'amd64', os.version: '10.0', java.version: '21.0.1'
Driver info: org.openqa.selenium.chrome.ChromeDriver
Command: [a94e7554680dc8df5896b55f6d6abc67, clickElement {id=f.84C4AB25D1F61A5641515C063B18901A.d.436D24E99D3F25BF18467FAA2EB4B57D.e.172}]
Capabilities {acceptInsecureCerts: false, browserName: chrome, browserVersion: 124.0.6367.208, chrome: {chromedriverVersion: 124.0.6367.207 (a9001a6e39f..., userDataDir: C:\Users\prasa\AppData\Loca...}, fedcm:accounts: true, goog:chromeOptions: {debuggerAddress: localhost:53694}, networkConnectionEnabled: false, pageLoadStrategy: normal, platformName: windows, proxy: Proxy(), se:cdp: ws://localhost:53694/devtoo..., se:cdpVersion: 124.0.6367.208, setWindowRect: true, strictFileInteractability: false, timeouts: {implicit: 0, pageLoad: 300000, script: 30000}, unhandledPromptBehavior: dismiss and notify, webauthn:extension:credBlob: true, webauthn:extension:largeBlob: true, webauthn:extension:minPinLength: true, webauthn:extension:prf: true, webauthn:virtualAuthenticators: true}
Element: [[ChromeDriver: chrome on windows (a94e7554680dc8df5896b55f6d6abc67)] -> xpath: //button[@data-testid='reassign-pcp-button-id']]
Session ID: a94e7554680dc8df5896b55f6d6abc67
at org.openqa.selenium.remote.ErrorCodec.decode(ErrorCodec.java:167)
at org.openqa.selenium.remote.codec.w3c.W3CHttpResponseCodec.decode(W3CHttpResponseCodec.java:138)
at org.openqa.selenium.remote.codec.w3c.W3CHttpResponseCodec.decode(W3CHttpResponseCodec.java:50)
at org.openqa.selenium.remote.HttpCommandExecutor.execute(HttpCommandExecutor.java:190)
at org.openqa.selenium.remote.service.DriverCommandExecutor.invokeExecute(DriverCommandExecutor.java:216)
at org.openqa.selenium.remote.service.DriverCommandExecutor.execute(DriverCommandExecutor.java:174)
at org.openqa.selenium.remote.RemoteWebDriver.execute(RemoteWebDriver.java:518)
at org.openqa.selenium.remote.RemoteWebElement.execute(RemoteWebElement.java:223)
at org.openqa.selenium.remote.RemoteWebElement.click(RemoteWebElement.java:76)
at org.openqa.selenium.support.pagefactory.internal.LocatingElementHandler.invoke(LocatingElementHandler.java:51)
at jdk.proxy2/jdk.proxy2.$Proxy13.click(Unknown Source)
at POM.Add_ECP_PCP.reassign_pcp_click(Add_ECP_PCP.java:64)
at Test.Reassigning_PCP_ECP.Reassign_PCP_Add_new(Reassigning_PCP_ECP.java:113)
at java.base/java.util.ArrayList.forEach(ArrayList.java:1596)
... Removed 31 stack frames]]>
    </failure>
  </testcase> <!-- Reassign_PCP_Add_new -->
</testsuite> <!-- Assigning PCP and ECP -->
