<?xml version="1.0" encoding="UTF-8"?>
<!-- Generated by org.testng.reporters.JUnitXMLReporter -->
<testsuite ignored="0" hostname="Micky" failures="0" tests="12" name="View required Patient" time="130.096" errors="0" timestamp="2024-05-21T17:21:39 IST">
  <testcase classname="Test.TC_PatientDetailedView" name="provider_login" time="1.166"/>
  <testcase classname="Test.TC_PatientDetailedView" name="dashboard" time="6.413"/>
  <testcase classname="Test.TC_PatientDetailedView" name="patientTab" time="35.452"/>
  <testcase classname="Test.TC_PatientDetailedView" name="clickOnPatientProfileTab" time="3.513"/>
  <testcase classname="Test.TC_PatientDetailedView" name="medical_profile" time="10.284"/>
  <testcase classname="Test.TC_PatientDetailedView" name="resutls" time="10.341"/>
  <testcase classname="Test.TC_PatientDetailedView" name="notes" time="10.311"/>
  <testcase classname="Test.TC_PatientDetailedView" name="devices" time="10.271"/>
  <testcase classname="Test.TC_PatientDetailedView" name="patient_profile" time="10.721"/>
  <testcase classname="Test.TC_PatientDetailedView" name="patient_care_team" time="10.329"/>
  <testcase classname="Test.TC_PatientDetailedView" name="activity_timeline" time="10.32"/>
  <testcase classname="Test.TC_PatientDetailedView" name="requests" time="5.398"/>
</testsuite> <!-- View required Patient -->
